#
# A fatal error has been detected by the Java Runtime Environment:
#
#  SIGSEGV (0xb) at pc=0x0000000104625f78, pid=36353, tid=0x0000000000004503
#
# JRE version: Java(TM) SE Runtime Environment (8.0_92-b14) (build 1.8.0_92-b14)
# Java VM: Java HotSpot(TM) 64-Bit Server VM (25.92-b14 mixed mode bsd-amd64 compressed oops)
# Problematic frame:
# V  [libjvm.dylib+0x448f78]  Method::checked_resolve_jmethod_id(_jmethodID*)+0xe
#
# Failed to write core dump. Core dumps have been disabled. To enable core dumping, try "ulimit -c unlimited" before starting Java again
#
# If you would like to submit a bug report, please visit:
#   http://bugreport.java.com/bugreport/crash.jsp
#

---------------  T H R E A D  ---------------

Current thread (0x00007f9ba383c000):  JavaThread "JDWP Transport Listener: dt_socket" daemon [_thread_in_vm, id=17667, stack(0x0000700000bbe000,0x0000700000cbe000)]

siginfo: si_signo: 11 (SIGSEGV), si_code: 1 (SEGV_MAPERR), si_addr: 0x0000000000000005

Registers:
RAX=0x0000000000000001, RBX=0x0000700000cbda8b, RCX=0x00000001049f7360, RDX=0x0000700000cbda8b
RSP=0x0000700000cbd9d0, RBP=0x0000700000cbd9e0, RSI=0x00007f9ba383c000, RDI=0x0000000000000005
R8 =0x0000000000000000, R9 =0x00007f9ba361c570, R10=0x000000007f8d568f, R11=0x00007f9ba3600000
R12=0x00007f9ba383c000, R13=0x0000000000000005, R14=0x0000000000000005, R15=0x00007f9ba37004a0
RIP=0x0000000104625f78, EFLAGS=0x0000000000010206, ERR=0x0000000000000004
  TRAPNO=0x000000000000000e

Top of Stack: (sp=0x0000700000cbd9d0)
0x0000700000cbd9d0:   0000700000cbda8b 0000700000cbda8b
0x0000700000cbd9e0:   0000700000cbda40 0000000104534e66
0x0000700000cbd9f0:   00007f9ba383c000 0000000000000000
0x0000700000cbda00:   0000000000000000 0000000000000000
0x0000700000cbda10:   00007f9ba383c000 00007f9ba383c000
0x0000700000cbda20:   0000700000cbda8b 0000700000cbda90
0x0000700000cbda30:   0000000000000005 0000000000000003
0x0000700000cbda40:   0000700000cbda60 0000000105a20780
0x0000700000cbda50:   0000000000000001 0000700000cbdb08
0x0000700000cbda60:   0000700000cbdad0 0000000105a051f3
0x0000700000cbda70:   0000700000cbdaa0 00007f9ba361c780
0x0000700000cbda80:   0000000400000032 0000000900cbdb08
0x0000700000cbda90:   0000000000000000 0000000000000000
0x0000700000cbdaa0:   0000000000000000 0000700000cbdc90
0x0000700000cbdab0:   0000000105a27e7a 00007f9ba3710720
0x0000700000cbdac0:   0000700000cbdb08 0000000105a33598
0x0000700000cbdad0:   0000700000cbdae0 0000000105a052ec
0x0000700000cbdae0:   0000700000cbdd00 0000000105a0e898
0x0000700000cbdaf0:   00010f9400000013 00000000000f0200
0x0000700000cbdb00:   00007f9ba371cf10 0000700000cbdc43
0x0000700000cbdb10:   00007f9b00000041 0000700000cbdb20
0x0000700000cbdb20:   00007f9b000000eb 0000700000cbdb58
0x0000700000cbdb30:   0000000000000000 0000000000000000
0x0000700000cbdb40:   00010f940000000f 0000000000000080
0x0000700000cbdb50:   0000700000cbdb58 9b7f000004000000
0x0000700000cbdb60:   12000000c0d443a3 6e6f697463617266
0x0000700000cbdb70:   615370616e4b6c61 49281d0000006b63
0x0000700000cbdb80:   74752f6176616a4c 726f6972502f6c69
0x0000700000cbdb90:   6575657551797469 283f00000044293b
0x0000700000cbdba0:   752f6176616a4c49 6f6972502f6c6974
0x0000700000cbdbb0:   7565755179746972 64656572674c3c65
0x0000700000cbdbc0:   6974636172462f79 70616e4b6c616e6f 

Instructions: (pc=0x0000000104625f78)
0x0000000104625f58:   40 48 48 85 c0 75 e0 30 c0 0f b6 c0 5d c3 31 c0
0x0000000104625f68:   5d c3 55 48 89 e5 53 48 83 ec 08 48 85 ff 74 24
0x0000000104625f78:   48 8b 1f 48 85 db 74 1c 48 83 fb 37 74 16 48 8b
0x0000000104625f88:   03 48 89 df ff 50 10 84 c0 b8 00 00 00 00 48 0f 

Register to memory mapping:

RAX=0x0000000000000001 is an unknown value
RBX=0x0000700000cbda8b is pointing into the stack for thread: 0x00007f9ba383c000
RCX=0x00000001049f7360: UseMembar+0 in /Library/Java/JavaVirtualMachines/jdk1.8.0_92.jdk/Contents/Home/jre/lib/server/libjvm.dylib at 0x00000001041dd000
RDX=0x0000700000cbda8b is pointing into the stack for thread: 0x00007f9ba383c000
RSP=0x0000700000cbd9d0 is pointing into the stack for thread: 0x00007f9ba383c000
RBP=0x0000700000cbd9e0 is pointing into the stack for thread: 0x00007f9ba383c000
RSI=0x00007f9ba383c000 is a thread
RDI=0x0000000000000005 is an unknown value
R8 =0x0000000000000000 is an unknown value
R9 =0x00007f9ba361c570 is an unknown value
R10=0x000000007f8d568f is an unknown value
R11=0x00007f9ba3600000 is an unknown value
R12=0x00007f9ba383c000 is a thread
R13=0x0000000000000005 is an unknown value
R14=0x0000000000000005 is an unknown value
R15=0x00007f9ba37004a0 is an unknown value


Stack: [0x0000700000bbe000,0x0000700000cbe000],  sp=0x0000700000cbd9d0,  free space=1022k
Native frames: (J=compiled Java code, j=interpreted, Vv=VM code, C=native code)
V  [libjvm.dylib+0x448f78]  Method::checked_resolve_jmethod_id(_jmethodID*)+0xe
V  [libjvm.dylib+0x357e66]  jvmti_IsMethodSynthetic+0xb2
C  [libjdwp.dylib+0x20780]  isMethodSynthetic+0x63
C  [libjdwp.dylib+0x51f3]  methods1+0x10b
C  [libjdwp.dylib+0x52ec]  methodsWithGeneric+0xe
C  [libjdwp.dylib+0xe898]  debugLoop_run+0x1ce
C  [libjdwp.dylib+0x1f6ba]  attachThread+0x4d
V  [libjvm.dylib+0x3991cc]  JvmtiAgentThread::call_start_function()+0x38
V  [libjvm.dylib+0x564c57]  JavaThread::thread_main_inner()+0x9b
V  [libjvm.dylib+0x566344]  JavaThread::run()+0x1c2
V  [libjvm.dylib+0x485bbe]  java_start(Thread*)+0xf6
C  [libsystem_pthread.dylib+0x399d]  _pthread_body+0x83
C  [libsystem_pthread.dylib+0x391a]  _pthread_body+0x0
C  [libsystem_pthread.dylib+0x1351]  thread_start+0xd
C  0x0000000000000000


---------------  P R O C E S S  ---------------

Java Threads: ( => current thread )
  0x00007f9ba383e000 JavaThread "Service Thread" daemon [_thread_blocked, id=20739, stack(0x00007000011d0000,0x00007000012d0000)]
  0x00007f9ba383d800 JavaThread "C1 CompilerThread2" daemon [_thread_blocked, id=20227, stack(0x00007000010cd000,0x00007000011cd000)]
  0x00007f9ba481e800 JavaThread "C2 CompilerThread1" daemon [_thread_blocked, id=19715, stack(0x0000700000fca000,0x00007000010ca000)]
  0x00007f9ba403e000 JavaThread "C2 CompilerThread0" daemon [_thread_blocked, id=19203, stack(0x0000700000ec7000,0x0000700000fc7000)]
  0x00007f9ba481c800 JavaThread "JDWP Command Reader" daemon [_thread_in_native, id=18691, stack(0x0000700000dc4000,0x0000700000ec4000)]
  0x00007f9ba383c800 JavaThread "JDWP Event Helper Thread" daemon [_thread_blocked, id=18179, stack(0x0000700000cc1000,0x0000700000dc1000)]
=>0x00007f9ba383c000 JavaThread "JDWP Transport Listener: dt_socket" daemon [_thread_in_vm, id=17667, stack(0x0000700000bbe000,0x0000700000cbe000)]
  0x00007f9ba383b000 JavaThread "Signal Dispatcher" daemon [_thread_blocked, id=16907, stack(0x0000700000abb000,0x0000700000bbb000)]
  0x00007f9ba5012000 JavaThread "Finalizer" daemon [_thread_blocked, id=12291, stack(0x000070000082f000,0x000070000092f000)]
  0x00007f9ba4806000 JavaThread "Reference Handler" daemon [_thread_blocked, id=11779, stack(0x000070000072c000,0x000070000082c000)]
  0x00007f9ba5007800 JavaThread "main" [_thread_blocked, id=4099, stack(0x0000700000084000,0x0000700000184000)]

Other Threads:
  0x00007f9ba403a800 VMThread [stack: 0x0000700000629000,0x0000700000729000] [id=11267]
  0x00007f9ba501e000 WatcherThread [stack: 0x00007000012d3000,0x00007000013d3000] [id=21251]

VM state:not at safepoint (normal execution)

VM Mutex/Monitor currently owned by a thread: None

Heap:
 PSYoungGen      total 38400K, used 2662K [0x0000000795580000, 0x0000000798000000, 0x00000007c0000000)
  eden space 33280K, 8% used [0x0000000795580000,0x00000007958199f0,0x0000000797600000)
  from space 5120K, 0% used [0x0000000797b00000,0x0000000797b00000,0x0000000798000000)
  to   space 5120K, 0% used [0x0000000797600000,0x0000000797600000,0x0000000797b00000)
 ParOldGen       total 87552K, used 0K [0x0000000740000000, 0x0000000745580000, 0x0000000795580000)
  object space 87552K, 0% used [0x0000000740000000,0x0000000740000000,0x0000000745580000)
 Metaspace       used 3496K, capacity 4664K, committed 4864K, reserved 1056768K
  class space    used 398K, capacity 424K, committed 512K, reserved 1048576K

Card table byte_map: [0x0000000114e0b000,0x000000011520c000] byte_map_base: 0x000000011140b000

Marking Bits: (ParMarkBitMap*) 0x0000000104ac5bd0
 Begin Bits: [0x00000001154b7000, 0x00000001174b7000)
 End Bits:   [0x00000001174b7000, 0x00000001194b7000)

Polling page: 0x00000001051bb000

CodeCache: size=245760Kb used=1193Kb max_used=1193Kb free=244566Kb
 bounds [0x0000000105a4b000, 0x0000000105cbb000, 0x0000000114a4b000]
 total_blobs=314 nmethods=82 adapters=154
 compilation: enabled

Compilation events (10 events):
Event: 0.392 Thread 0x00007f9ba383d800   78       3       java.lang.Character::isBmpCodePoint (13 bytes)
Event: 0.392 Thread 0x00007f9ba383d800 nmethod 78 0x0000000105b71510 code [0x0000000105b71680, 0x0000000105b71810]
Event: 0.392 Thread 0x00007f9ba383d800   79       3       java.util.regex.Pattern::next (33 bytes)
Event: 0.393 Thread 0x00007f9ba383d800 nmethod 79 0x0000000105b74a50 code [0x0000000105b74be0, 0x0000000105b74ea8]
Event: 0.393 Thread 0x00007f9ba383d800   80       1       java.util.regex.Pattern::flags (5 bytes)
Event: 0.393 Thread 0x00007f9ba383d800 nmethod 80 0x0000000105b74fd0 code [0x0000000105b75120, 0x0000000105b75230]
Event: 2.411 Thread 0x00007f9ba383d800   81       3       java.lang.Math::max (11 bytes)
Event: 2.411 Thread 0x00007f9ba383d800 nmethod 81 0x0000000105b75290 code [0x0000000105b75400, 0x0000000105b75590]
Event: 2.413 Thread 0x00007f9ba383d800   82       1       java.nio.Buffer::position (5 bytes)
Event: 2.413 Thread 0x00007f9ba383d800 nmethod 82 0x0000000105b75610 code [0x0000000105b75760, 0x0000000105b75870]

GC Heap History (0 events):
No events

Deoptimization events (0 events):
No events

Internal exceptions (6 events):
Event: 0.045 Thread 0x00007f9ba5007800 Exception <a 'java/lang/NoSuchMethodError': Method sun.misc.Unsafe.defineClass(Ljava/lang/String;[BII)Ljava/lang/Class; name or signature does not match> (0x0000000795587cc0) thrown at [/Users/java_re/workspace/8-2-build-macosx-x86_64/jdk8u92/6642/hotspot
Event: 0.045 Thread 0x00007f9ba5007800 Exception <a 'java/lang/NoSuchMethodError': Method sun.misc.Unsafe.prefetchRead(Ljava/lang/Object;J)V name or signature does not match> (0x0000000795587fa8) thrown at [/Users/java_re/workspace/8-2-build-macosx-x86_64/jdk8u92/6642/hotspot/src/share/vm/prim
Event: 0.371 Thread 0x00007f9ba5007800 Exception <a 'java/security/PrivilegedActionException'> (0x000000079579ec58) thrown at [/Users/java_re/workspace/8-2-build-macosx-x86_64/jdk8u92/6642/hotspot/src/share/vm/prims/jvm.cpp, line 1386]
Event: 0.371 Thread 0x00007f9ba5007800 Exception <a 'java/security/PrivilegedActionException'> (0x000000079579f050) thrown at [/Users/java_re/workspace/8-2-build-macosx-x86_64/jdk8u92/6642/hotspot/src/share/vm/prims/jvm.cpp, line 1386]
Event: 0.372 Thread 0x00007f9ba5007800 Exception <a 'java/security/PrivilegedActionException'> (0x00000007957a24d8) thrown at [/Users/java_re/workspace/8-2-build-macosx-x86_64/jdk8u92/6642/hotspot/src/share/vm/prims/jvm.cpp, line 1386]
Event: 0.372 Thread 0x00007f9ba5007800 Exception <a 'java/security/PrivilegedActionException'> (0x00000007957a28d0) thrown at [/Users/java_re/workspace/8-2-build-macosx-x86_64/jdk8u92/6642/hotspot/src/share/vm/prims/jvm.cpp, line 1386]

Events (10 events):
Event: 4715.750 Executing VM operation: GetOrSetLocal
Event: 4715.750 Executing VM operation: GetOrSetLocal done
Event: 4715.751 Executing VM operation: GetOrSetLocal
Event: 4715.751 Executing VM operation: GetOrSetLocal done
Event: 4715.752 Executing VM operation: GetOrSetLocal
Event: 4715.752 Executing VM operation: GetOrSetLocal done
Event: 5081.396 Executing VM operation: RedefineClasses
Event: 5081.398 Executing VM operation: RedefineClasses done
Event: 5081.399 Executing VM operation: GetOrSetLocal
Event: 5081.400 Executing VM operation: GetOrSetLocal done


Dynamic libraries:
0x00000000026fe000 	/System/Library/Frameworks/Cocoa.framework/Versions/A/Cocoa
0x00000000026fe000 	/System/Library/Frameworks/Security.framework/Versions/A/Security
0x00000000026fe000 	/System/Library/Frameworks/ApplicationServices.framework/Versions/A/ApplicationServices
0x00000000026fe000 	/usr/lib/libz.1.dylib
0x00000000026fe000 	/usr/lib/libSystem.B.dylib
0x00000000026fe000 	/usr/lib/libobjc.A.dylib
0x00000000026fe000 	/System/Library/Frameworks/CoreFoundation.framework/Versions/A/CoreFoundation
0x00000000026fe000 	/System/Library/Frameworks/Foundation.framework/Versions/C/Foundation
0x00000000026fe000 	/System/Library/Frameworks/AppKit.framework/Versions/C/AppKit
0x00000000026fe000 	/System/Library/Frameworks/CoreData.framework/Versions/A/CoreData
0x00000000026fe000 	/System/Library/PrivateFrameworks/RemoteViewServices.framework/Versions/A/RemoteViewServices
0x00000000026fe000 	/System/Library/PrivateFrameworks/UIFoundation.framework/Versions/A/UIFoundation
0x00000000026fe000 	/usr/lib/libScreenReader.dylib
0x00000000026fe000 	/System/Library/Frameworks/Accelerate.framework/Versions/A/Accelerate
0x00000000026fe000 	/System/Library/Frameworks/IOSurface.framework/Versions/A/IOSurface
0x00000000026fe000 	/System/Library/Frameworks/AudioToolbox.framework/Versions/A/AudioToolbox
0x00000000026fe000 	/System/Library/Frameworks/AudioUnit.framework/Versions/A/AudioUnit
0x00000000026fe000 	/System/Library/PrivateFrameworks/DataDetectorsCore.framework/Versions/A/DataDetectorsCore
0x00000000026fe000 	/System/Library/PrivateFrameworks/DesktopServicesPriv.framework/Versions/A/DesktopServicesPriv
0x00000000026fe000 	/System/Library/Frameworks/Carbon.framework/Versions/A/Frameworks/HIToolbox.framework/Versions/A/HIToolbox
0x00000000026fe000 	/System/Library/Frameworks/QuartzCore.framework/Versions/A/QuartzCore
0x00000000026fe000 	/System/Library/Frameworks/Carbon.framework/Versions/A/Frameworks/SpeechRecognition.framework/Versions/A/SpeechRecognition
0x00000000026fe000 	/usr/lib/libauto.dylib
0x00000000026fe000 	/usr/lib/libicucore.A.dylib
0x00000000026fe000 	/usr/lib/libxml2.2.dylib
0x00000000026fe000 	/System/Library/PrivateFrameworks/CoreUI.framework/Versions/A/CoreUI
0x00000000026fe000 	/System/Library/Frameworks/CoreAudio.framework/Versions/A/CoreAudio
0x00000000026fe000 	/System/Library/Frameworks/DiskArbitration.framework/Versions/A/DiskArbitration
0x00000000026fe000 	/usr/lib/liblangid.dylib
0x00000000026fe000 	/System/Library/PrivateFrameworks/MultitouchSupport.framework/Versions/A/MultitouchSupport
0x00000000026fe000 	/System/Library/Frameworks/IOKit.framework/Versions/A/IOKit
0x00000000026fe000 	/usr/lib/libDiagnosticMessagesClient.dylib
0x00000000026fe000 	/System/Library/Frameworks/CoreServices.framework/Versions/A/CoreServices
0x00000000026fe000 	/System/Library/PrivateFrameworks/PerformanceAnalysis.framework/Versions/A/PerformanceAnalysis
0x00000000026fe000 	/System/Library/PrivateFrameworks/GenerationalStorage.framework/Versions/A/GenerationalStorage
0x00000000026fe000 	/System/Library/Frameworks/OpenGL.framework/Versions/A/OpenGL
0x00000000026fe000 	/System/Library/PrivateFrameworks/Sharing.framework/Versions/A/Sharing
0x00000000026fe000 	/System/Library/Frameworks/CoreGraphics.framework/Versions/A/CoreGraphics
0x00000000026fe000 	/System/Library/Frameworks/CoreImage.framework/Versions/A/CoreImage
0x00000000026fe000 	/System/Library/Frameworks/CoreText.framework/Versions/A/CoreText
0x00000000026fe000 	/System/Library/Frameworks/ImageIO.framework/Versions/A/ImageIO
0x00000000026fe000 	/System/Library/PrivateFrameworks/Backup.framework/Versions/A/Backup
0x00000000026fe000 	/usr/lib/libextension.dylib
0x00000000026fe000 	/usr/lib/libarchive.2.dylib
0x00000000026fe000 	/System/Library/Frameworks/CFNetwork.framework/Versions/A/CFNetwork
0x00000000026fe000 	/System/Library/Frameworks/SystemConfiguration.framework/Versions/A/SystemConfiguration
0x00000000026fe000 	/usr/lib/libCRFSuite.dylib
0x00000000026fe000 	/usr/lib/libc++.1.dylib
0x00000000026fe000 	/usr/lib/libc++abi.dylib
0x00000000026fe000 	/usr/lib/system/libcache.dylib
0x00000000026fe000 	/usr/lib/system/libcommonCrypto.dylib
0x00000000026fe000 	/usr/lib/system/libcompiler_rt.dylib
0x00000000026fe000 	/usr/lib/system/libcopyfile.dylib
0x00000000026fe000 	/usr/lib/system/libcorecrypto.dylib
0x00000000026fe000 	/usr/lib/system/libdispatch.dylib
0x00000000026fe000 	/usr/lib/system/libdyld.dylib
0x00000000026fe000 	/usr/lib/system/libkeymgr.dylib
0x00000000026fe000 	/usr/lib/system/liblaunch.dylib
0x00000000026fe000 	/usr/lib/system/libmacho.dylib
0x00000000026fe000 	/usr/lib/system/libquarantine.dylib
0x00000000026fe000 	/usr/lib/system/libremovefile.dylib
0x00000000026fe000 	/usr/lib/system/libsystem_asl.dylib
0x00000000026fe000 	/usr/lib/system/libsystem_blocks.dylib
0x00000000026fe000 	/usr/lib/system/libsystem_c.dylib
0x00000000026fe000 	/usr/lib/system/libsystem_configuration.dylib
0x00000000026fe000 	/usr/lib/system/libsystem_coreservices.dylib
0x00000000026fe000 	/usr/lib/system/libsystem_coretls.dylib
0x00000000026fe000 	/usr/lib/system/libsystem_dnssd.dylib
0x00000000026fe000 	/usr/lib/system/libsystem_info.dylib
0x00000000026fe000 	/usr/lib/system/libsystem_kernel.dylib
0x00000000026fe000 	/usr/lib/system/libsystem_m.dylib
0x00000000026fe000 	/usr/lib/system/libsystem_malloc.dylib
0x00000000026fe000 	/usr/lib/system/libsystem_network.dylib
0x00000000026fe000 	/usr/lib/system/libsystem_networkextension.dylib
0x00000000026fe000 	/usr/lib/system/libsystem_notify.dylib
0x00000000026fe000 	/usr/lib/system/libsystem_platform.dylib
0x00000000026fe000 	/usr/lib/system/libsystem_pthread.dylib
0x00000000026fe000 	/usr/lib/system/libsystem_sandbox.dylib
0x00000000026fe000 	/usr/lib/system/libsystem_secinit.dylib
0x00000000026fe000 	/usr/lib/system/libsystem_trace.dylib
0x00000000026fe000 	/usr/lib/system/libunc.dylib
0x00000000026fe000 	/usr/lib/system/libunwind.dylib
0x00000000026fe000 	/usr/lib/system/libxpc.dylib
0x00000000026fe000 	/usr/lib/libenergytrace.dylib
0x00000000026fe000 	/usr/lib/libbsm.0.dylib
0x00000000026fe000 	/usr/lib/system/libkxld.dylib
0x00000000026fe000 	/usr/lib/libxar.1.dylib
0x00000000026fe000 	/usr/lib/libsqlite3.dylib
0x00000000026fe000 	/usr/lib/libpam.2.dylib
0x00000000026fe000 	/usr/lib/libOpenScriptingUtil.dylib
0x00000000026fe000 	/usr/lib/libbz2.1.0.dylib
0x00000000026fe000 	/usr/lib/liblzma.5.dylib
0x00000000026fe000 	/System/Library/Frameworks/CoreServices.framework/Versions/A/Frameworks/FSEvents.framework/Versions/A/FSEvents
0x00000000026fe000 	/System/Library/Frameworks/CoreServices.framework/Versions/A/Frameworks/CarbonCore.framework/Versions/A/CarbonCore
0x00000000026fe000 	/System/Library/Frameworks/CoreServices.framework/Versions/A/Frameworks/Metadata.framework/Versions/A/Metadata
0x00000000026fe000 	/System/Library/Frameworks/CoreServices.framework/Versions/A/Frameworks/OSServices.framework/Versions/A/OSServices
0x00000000026fe000 	/System/Library/Frameworks/CoreServices.framework/Versions/A/Frameworks/SearchKit.framework/Versions/A/SearchKit
0x00000000026fe000 	/System/Library/Frameworks/CoreServices.framework/Versions/A/Frameworks/AE.framework/Versions/A/AE
0x00000000026fe000 	/System/Library/Frameworks/CoreServices.framework/Versions/A/Frameworks/LaunchServices.framework/Versions/A/LaunchServices
0x00000000026fe000 	/System/Library/Frameworks/CoreServices.framework/Versions/A/Frameworks/DictionaryServices.framework/Versions/A/DictionaryServices
0x00000000026fe000 	/System/Library/Frameworks/CoreServices.framework/Versions/A/Frameworks/SharedFileList.framework/Versions/A/SharedFileList
0x00000000026fe000 	/System/Library/Frameworks/NetFS.framework/Versions/A/NetFS
0x00000000026fe000 	/System/Library/PrivateFrameworks/NetAuth.framework/Versions/A/NetAuth
0x00000000026fe000 	/System/Library/PrivateFrameworks/login.framework/Versions/A/Frameworks/loginsupport.framework/Versions/A/loginsupport
0x00000000026fe000 	/System/Library/PrivateFrameworks/TCC.framework/Versions/A/TCC
0x00000000026fe000 	/usr/lib/libmecabra.dylib
0x00000000026fe000 	/System/Library/Frameworks/ApplicationServices.framework/Versions/A/Frameworks/ATS.framework/Versions/A/ATS
0x00000000026fe000 	/System/Library/Frameworks/ApplicationServices.framework/Versions/A/Frameworks/ColorSync.framework/Versions/A/ColorSync
0x00000000026fe000 	/System/Library/Frameworks/ApplicationServices.framework/Versions/A/Frameworks/HIServices.framework/Versions/A/HIServices
0x00000000026fe000 	/System/Library/Frameworks/ApplicationServices.framework/Versions/A/Frameworks/LangAnalysis.framework/Versions/A/LangAnalysis
0x00000000026fe000 	/System/Library/Frameworks/ApplicationServices.framework/Versions/A/Frameworks/PrintCore.framework/Versions/A/PrintCore
0x00000000026fe000 	/System/Library/Frameworks/ApplicationServices.framework/Versions/A/Frameworks/QD.framework/Versions/A/QD
0x00000000026fe000 	/System/Library/Frameworks/ApplicationServices.framework/Versions/A/Frameworks/SpeechSynthesis.framework/Versions/A/SpeechSynthesis
0x00000000026fe000 	/System/Library/Frameworks/Metal.framework/Versions/A/Metal
0x00000000026fe000 	/System/Library/Frameworks/Accelerate.framework/Versions/A/Frameworks/vImage.framework/Versions/A/vImage
0x00000000026fe000 	/System/Library/Frameworks/Accelerate.framework/Versions/A/Frameworks/vecLib.framework/Versions/A/vecLib
0x00000000026fe000 	/System/Library/Frameworks/Accelerate.framework/Versions/A/Frameworks/vecLib.framework/Versions/A/libvDSP.dylib
0x00000000026fe000 	/System/Library/Frameworks/Accelerate.framework/Versions/A/Frameworks/vecLib.framework/Versions/A/libvMisc.dylib
0x00000000026fe000 	/System/Library/Frameworks/Accelerate.framework/Versions/A/Frameworks/vecLib.framework/Versions/A/libLAPACK.dylib
0x00000000026fe000 	/System/Library/Frameworks/Accelerate.framework/Versions/A/Frameworks/vecLib.framework/Versions/A/libBLAS.dylib
0x00000000026fe000 	/System/Library/Frameworks/Accelerate.framework/Versions/A/Frameworks/vecLib.framework/Versions/A/libLinearAlgebra.dylib
0x00000000026fe000 	/System/Library/Frameworks/Accelerate.framework/Versions/A/Frameworks/vecLib.framework/Versions/A/libSparseBLAS.dylib
0x00000000026fe000 	/System/Library/PrivateFrameworks/GPUCompiler.framework/libmetal_timestamp.dylib
0x00000000026fe000 	/System/Library/Frameworks/OpenGL.framework/Versions/A/Libraries/libCoreFSCache.dylib
0x00000000026fe000 	/System/Library/PrivateFrameworks/IOAccelerator.framework/Versions/A/IOAccelerator
0x00000000026fe000 	/System/Library/Frameworks/ApplicationServices.framework/Versions/A/Frameworks/ATS.framework/Versions/A/Resources/libFontParser.dylib
0x00000000026fe000 	/System/Library/Frameworks/ApplicationServices.framework/Versions/A/Frameworks/ATS.framework/Versions/A/Resources/libFontRegistry.dylib
0x00000000026fe000 	/System/Library/PrivateFrameworks/AppleVPA.framework/Versions/A/AppleVPA
0x00000000026fe000 	/System/Library/PrivateFrameworks/AppleJPEG.framework/Versions/A/AppleJPEG
0x00000000026fe000 	/System/Library/Frameworks/ImageIO.framework/Versions/A/Resources/libJPEG.dylib
0x00000000026fe000 	/System/Library/Frameworks/ImageIO.framework/Versions/A/Resources/libTIFF.dylib
0x00000000026fe000 	/System/Library/Frameworks/ImageIO.framework/Versions/A/Resources/libPng.dylib
0x00000000026fe000 	/System/Library/Frameworks/ImageIO.framework/Versions/A/Resources/libGIF.dylib
0x00000000026fe000 	/System/Library/Frameworks/ImageIO.framework/Versions/A/Resources/libJP2.dylib
0x00000000026fe000 	/System/Library/Frameworks/ImageIO.framework/Versions/A/Resources/libRadiance.dylib
0x00000000026fe000 	/System/Library/Frameworks/CoreVideo.framework/Versions/A/CoreVideo
0x00000000026fe000 	/System/Library/Frameworks/OpenGL.framework/Versions/A/Libraries/libGLU.dylib
0x00000000026fe000 	/System/Library/Frameworks/OpenGL.framework/Versions/A/Libraries/libGFXShared.dylib
0x00000000026fe000 	/System/Library/Frameworks/OpenGL.framework/Versions/A/Libraries/libGL.dylib
0x00000000026fe000 	/System/Library/Frameworks/OpenGL.framework/Versions/A/Libraries/libGLImage.dylib
0x00000000026fe000 	/System/Library/Frameworks/OpenGL.framework/Versions/A/Libraries/libCVMSPluginSupport.dylib
0x00000000026fe000 	/System/Library/Frameworks/OpenGL.framework/Versions/A/Libraries/libCoreVMClient.dylib
0x00000000026fe000 	/usr/lib/libcompression.dylib
0x00000000026fe000 	/usr/lib/libcups.2.dylib
0x00000000026fe000 	/System/Library/Frameworks/Kerberos.framework/Versions/A/Kerberos
0x00000000026fe000 	/System/Library/Frameworks/GSS.framework/Versions/A/GSS
0x00000000026fe000 	/usr/lib/libresolv.9.dylib
0x00000000026fe000 	/usr/lib/libiconv.2.dylib
0x00000000026fe000 	/System/Library/PrivateFrameworks/Heimdal.framework/Versions/A/Heimdal
0x00000000026fe000 	/usr/lib/libheimdal-asn1.dylib
0x00000000026fe000 	/System/Library/Frameworks/OpenDirectory.framework/Versions/A/OpenDirectory
0x00000000026fe000 	/System/Library/PrivateFrameworks/CommonAuth.framework/Versions/A/CommonAuth
0x00000000026fe000 	/System/Library/Frameworks/OpenDirectory.framework/Versions/A/Frameworks/CFOpenDirectory.framework/Versions/A/CFOpenDirectory
0x00000000026fe000 	/System/Library/Frameworks/SecurityFoundation.framework/Versions/A/SecurityFoundation
0x00000000026fe000 	/System/Library/PrivateFrameworks/LanguageModeling.framework/Versions/A/LanguageModeling
0x00000000026fe000 	/usr/lib/libmarisa.dylib
0x00000000026fe000 	/usr/lib/libChineseTokenizer.dylib
0x00000000026fe000 	/usr/lib/libcmph.dylib
0x00000000026fe000 	/System/Library/Frameworks/ServiceManagement.framework/Versions/A/ServiceManagement
0x00000000026fe000 	/usr/lib/libxslt.1.dylib
0x00000000026fe000 	/System/Library/Frameworks/Carbon.framework/Versions/A/Frameworks/Ink.framework/Versions/A/Ink
0x00000000026fe000 	/usr/lib/libFosl_dynamic.dylib
0x00000000026fe000 	/System/Library/PrivateFrameworks/FaceCore.framework/Versions/A/FaceCore
0x00000000026fe000 	/System/Library/Frameworks/OpenCL.framework/Versions/A/OpenCL
0x00000000026fe000 	/System/Library/PrivateFrameworks/CrashReporterSupport.framework/Versions/A/CrashReporterSupport
0x00000000026fe000 	/System/Library/PrivateFrameworks/IconServices.framework/Versions/A/IconServices
0x00000000026fe000 	/System/Library/PrivateFrameworks/Apple80211.framework/Versions/A/Apple80211
0x00000000026fe000 	/System/Library/Frameworks/CoreWLAN.framework/Versions/A/CoreWLAN
0x00000000026fe000 	/System/Library/Frameworks/IOBluetooth.framework/Versions/A/IOBluetooth
0x00000000026fe000 	/System/Library/PrivateFrameworks/CoreWiFi.framework/Versions/A/CoreWiFi
0x00000000026fe000 	/System/Library/Frameworks/CoreBluetooth.framework/Versions/A/CoreBluetooth
0x00000000026fe000 	/System/Library/PrivateFrameworks/ChunkingLibrary.framework/Versions/A/ChunkingLibrary
0x00000000026fe000 	/System/Library/PrivateFrameworks/DebugSymbols.framework/Versions/A/DebugSymbols
0x00000000026fe000 	/System/Library/PrivateFrameworks/CoreSymbolication.framework/Versions/A/CoreSymbolication
0x00000000026fe000 	/System/Library/PrivateFrameworks/Symbolication.framework/Versions/A/Symbolication
0x00000000026fe000 	/System/Library/PrivateFrameworks/SpeechRecognitionCore.framework/Versions/A/SpeechRecognitionCore
0x00000001041dd000 	/Library/Java/JavaVirtualMachines/jdk1.8.0_92.jdk/Contents/Home/jre/lib/server/libjvm.dylib
0x00000000026fe000 	/usr/lib/libstdc++.6.dylib
0x0000000105178000 	/Library/Java/JavaVirtualMachines/jdk1.8.0_92.jdk/Contents/Home/jre/lib/libverify.dylib
0x0000000105186000 	/Library/Java/JavaVirtualMachines/jdk1.8.0_92.jdk/Contents/Home/jre/lib/libjava.dylib
0x0000000105a00000 	/Library/Java/JavaVirtualMachines/jdk1.8.0_92.jdk/Contents/Home/jre/lib/libjdwp.dylib
0x00000001051bc000 	/Library/Java/JavaVirtualMachines/jdk1.8.0_92.jdk/Contents/Home/jre/lib/libnpt.dylib
0x00000001051c9000 	/Library/Java/JavaVirtualMachines/jdk1.8.0_92.jdk/Contents/Home/jre/lib/libzip.dylib
0x000000011b385000 	/System/Library/Frameworks/JavaVM.framework/Frameworks/JavaRuntimeSupport.framework/JavaRuntimeSupport
0x000000011b3a0000 	/System/Library/Frameworks/JavaVM.framework/Versions/A/Frameworks/JavaNativeFoundation.framework/Versions/A/JavaNativeFoundation
0x000000011b3b5000 	/System/Library/Frameworks/JavaVM.framework/Versions/A/JavaVM
0x00000000026fe000 	/System/Library/Frameworks/Carbon.framework/Versions/A/Carbon
0x000000011b3c2000 	/System/Library/PrivateFrameworks/JavaLaunching.framework/Versions/A/JavaLaunching
0x00000000026fe000 	/System/Library/Frameworks/Carbon.framework/Versions/A/Frameworks/CommonPanels.framework/Versions/A/CommonPanels
0x00000000026fe000 	/System/Library/Frameworks/Carbon.framework/Versions/A/Frameworks/Help.framework/Versions/A/Help
0x00000000026fe000 	/System/Library/Frameworks/Carbon.framework/Versions/A/Frameworks/ImageCapture.framework/Versions/A/ImageCapture
0x00000000026fe000 	/System/Library/Frameworks/Carbon.framework/Versions/A/Frameworks/OpenScripting.framework/Versions/A/OpenScripting
0x00000000026fe000 	/System/Library/Frameworks/Carbon.framework/Versions/A/Frameworks/Print.framework/Versions/A/Print
0x00000000026fe000 	/System/Library/Frameworks/Carbon.framework/Versions/A/Frameworks/SecurityHI.framework/Versions/A/SecurityHI
0x000000011cce1000 	/Library/Java/JavaVirtualMachines/jdk1.8.0_92.jdk/Contents/Home/jre/lib/libdt_socket.dylib

VM Arguments:
jvm_args: -agentlib:jdwp=transport=dt_socket,address=127.0.0.1:51108,suspend=y,server=n -Dfile.encoding=UTF-8 
java_command: greedy.FractionalKnapSack
java_class_path (initial): /Library/Java/JavaVirtualMachines/jdk1.8.0_92.jdk/Contents/Home/jre/lib/charsets.jar:/Library/Java/JavaVirtualMachines/jdk1.8.0_92.jdk/Contents/Home/jre/lib/deploy.jar:/Library/Java/JavaVirtualMachines/jdk1.8.0_92.jdk/Contents/Home/jre/lib/ext/cldrdata.jar:/Library/Java/JavaVirtualMachines/jdk1.8.0_92.jdk/Contents/Home/jre/lib/ext/dnsns.jar:/Library/Java/JavaVirtualMachines/jdk1.8.0_92.jdk/Contents/Home/jre/lib/ext/jaccess.jar:/Library/Java/JavaVirtualMachines/jdk1.8.0_92.jdk/Contents/Home/jre/lib/ext/jfxrt.jar:/Library/Java/JavaVirtualMachines/jdk1.8.0_92.jdk/Contents/Home/jre/lib/ext/localedata.jar:/Library/Java/JavaVirtualMachines/jdk1.8.0_92.jdk/Contents/Home/jre/lib/ext/nashorn.jar:/Library/Java/JavaVirtualMachines/jdk1.8.0_92.jdk/Contents/Home/jre/lib/ext/sunec.jar:/Library/Java/JavaVirtualMachines/jdk1.8.0_92.jdk/Contents/Home/jre/lib/ext/sunjce_provider.jar:/Library/Java/JavaVirtualMachines/jdk1.8.0_92.jdk/Contents/Home/jre/lib/ext/sunpkcs11.jar:/Library/Java/JavaVirtualMachines/jdk1.8.0_92.jdk/Contents/Home/jre/lib/ext/zipfs.jar:/Library/Java/JavaVirtualMachines/jdk1.8.0_92.jdk/Contents/Home/jre/lib/javaws.jar:/Library/Java/JavaVirtualMachines/jdk1.8.0_92.jdk/Contents/Home/jre/lib/jce.jar:/Library/Java/JavaVirtualMachines/jdk1.8.0_92.jdk/Contents/Home/jre/lib/jfr.jar:/Library/Java/JavaVirtualMachines/jdk1.8.0_92.jdk/Contents/Home/jre/lib/jfxswt.jar:/Library/Java/JavaVirtualMachines/jdk1.8.0_92.jdk/Contents/Home/jre/lib/jsse.jar:/Library/Java/JavaVirtualMachines/jdk1.8.0_92.jdk/Contents/Home/jre/lib/management-agent.jar:/Library/Java/JavaVirtualMachines/jdk1.8.0_92.jdk/Contents/Home/jre/lib/plugin.jar:/Library/Java/JavaVirtualMachines/jdk1.8.0_92.jdk/Contents/Home/jre/lib/resources.jar:/Library/Java/JavaVirtualMachines/jdk1.8.0_92.jdk/Contents/Home/jre/lib/rt.jar:/Library/Java/JavaVirtualMachines/jdk1.8.0_92.jdk/Contents/Home/lib/ant-javafx.jar:/Library/Java/JavaVirtualMachines/jdk1.8.0_92.jdk/Contents/Home/lib/dt.jar:/Library/Ja
Launcher Type: SUN_STANDARD

Environment Variables:
PATH=/usr/local/bin:/usr/bin:/bin:/usr/sbin:/sbin
SHELL=/bin/zsh

Signal Handlers:
SIGSEGV: [libjvm.dylib+0x5aa779], sa_mask[0]=11111111011111110111111111111111, sa_flags=SA_ONSTACK|SA_RESTART|SA_SIGINFO
SIGBUS: [libjvm.dylib+0x5aa779], sa_mask[0]=11111111011111110111111111111111, sa_flags=SA_RESTART|SA_SIGINFO
SIGFPE: [libjvm.dylib+0x4831d0], sa_mask[0]=11111111011111110111111111111111, sa_flags=SA_RESTART|SA_SIGINFO
SIGPIPE: [libjvm.dylib+0x4831d0], sa_mask[0]=11111111011111110111111111111111, sa_flags=SA_RESTART|SA_SIGINFO
SIGXFSZ: [libjvm.dylib+0x4831d0], sa_mask[0]=11111111011111110111111111111111, sa_flags=SA_RESTART|SA_SIGINFO
SIGILL: [libjvm.dylib+0x4831d0], sa_mask[0]=11111111011111110111111111111111, sa_flags=SA_RESTART|SA_SIGINFO
SIGUSR1: SIG_DFL, sa_mask[0]=00000000000000000000000000000000, sa_flags=none
SIGUSR2: [libjvm.dylib+0x482cee], sa_mask[0]=00100000000000000000000000000000, sa_flags=SA_RESTART|SA_SIGINFO
SIGHUP: [libjvm.dylib+0x4812c5], sa_mask[0]=11111111011111110111111111111111, sa_flags=SA_RESTART|SA_SIGINFO
SIGINT: [libjvm.dylib+0x4812c5], sa_mask[0]=11111111011111110111111111111111, sa_flags=SA_RESTART|SA_SIGINFO
SIGTERM: [libjvm.dylib+0x4812c5], sa_mask[0]=11111111011111110111111111111111, sa_flags=SA_RESTART|SA_SIGINFO
SIGQUIT: [libjvm.dylib+0x4812c5], sa_mask[0]=11111111011111110111111111111111, sa_flags=SA_RESTART|SA_SIGINFO


---------------  S Y S T E M  ---------------

OS:Bsduname:Darwin 15.6.0 Darwin Kernel Version 15.6.0: Mon Aug 29 20:21:34 PDT 2016; root:xnu-3248.60.11~1/RELEASE_X86_64 x86_64
rlimit: STACK 8192k, CORE 0k, NPROC 709, NOFILE 10240, AS infinity
load average:8.98 10.41 11.10

CPU:total 4 (2 cores per cpu, 2 threads per core) family 6 model 69 stepping 1, cmov, cx8, fxsr, mmx, sse, sse2, sse3, ssse3, sse4.1, sse4.2, popcnt, avx, avx2, aes, clmul, erms, lzcnt, ht, tsc, tscinvbit, bmi1, bmi2

Memory: 4k page, physical 8388608k(205992k free)

/proc/meminfo:


vm_info: Java HotSpot(TM) 64-Bit Server VM (25.92-b14) for bsd-amd64 JRE (1.8.0_92-b14), built on Mar 31 2016 21:23:14 by "java_re" with gcc 4.2.1 (Based on Apple Inc. build 5658) (LLVM build 2336.11.00)

time: Mon Sep 26 17:06:48 2016
elapsed time: 5081 seconds (0d 1h 24m 41s)

